This is pdfTeX, Version 3.14159265-2.6-1.40.18 (TeX Live 2017) (preloaded format=pdflatex 2018.2.6)  21 MAY 2019 22:15
entering extended mode
 restricted \write18 enabled.
 file:line:error style messages enabled.
 %&-line parsing enabled.
**kilobot_tracking_Arberet_Moreno.tex
(./kilobot_tracking_Arberet_Moreno.tex
LaTeX2e <2017-04-15>
Babel <3.10> and hyphenation patterns for 84 language(s) loaded.
(/usr/local/texlive/2017/texmf-dist/tex/latex/base/report.cls
Document Class: report 2014/09/29 v1.4h Standard LaTeX document class
(/usr/local/texlive/2017/texmf-dist/tex/latex/base/size10.clo
File: size10.clo 2014/09/29 v1.4h Standard LaTeX file (size option)
)
\c@part=\count79
\c@chapter=\count80
\c@section=\count81
\c@subsection=\count82
\c@subsubsection=\count83
\c@paragraph=\count84
\c@subparagraph=\count85
\c@figure=\count86
\c@table=\count87
\abovecaptionskip=\skip41
\belowcaptionskip=\skip42
\bibindent=\dimen102
)
(/usr/local/texlive/2017/texmf-dist/tex/latex/base/inputenc.sty
Package: inputenc 2015/03/17 v1.2c Input encoding file
\inpenc@prehook=\toks14
\inpenc@posthook=\toks15

(/usr/local/texlive/2017/texmf-dist/tex/latex/base/latin1.def
File: latin1.def 2015/03/17 v1.2c Input encoding file
))
(/usr/local/texlive/2017/texmf-dist/tex/latex/base/fontenc.sty
Package: fontenc 2017/04/05 v2.0i Standard LaTeX package

(/usr/local/texlive/2017/texmf-dist/tex/latex/base/t1enc.def
File: t1enc.def 2017/04/05 v2.0i Standard LaTeX file
LaTeX Font Info:    Redeclaring font encoding T1 on input line 48.
))
(/usr/local/texlive/2017/texmf-dist/tex/generic/babel/babel.sty
Package: babel 2017/05/19 3.10 The Babel package

(/usr/local/texlive/2017/texmf-dist/tex/generic/babel-french/frenchb.ldf
Language: frenchb 2017/04/30 v3.3a French support from the babel system

(/usr/local/texlive/2017/texmf-dist/tex/generic/babel/babel.def
File: babel.def 2017/05/19 3.10 Babel common definitions
\babel@savecnt=\count88
\U@D=\dimen103
)
\l@acadian = a dialect from \language\l@french 
\l@canadien = a dialect from \language\l@french 
\FB@nonchar=\count89
\FBcolonsp=\toks16
\FBthinsp=\toks17
Package babel Info: Making : an active character on input line 362.
Package babel Info: Making ; an active character on input line 363.
Package babel Info: Making ! an active character on input line 364.
Package babel Info: Making ? an active character on input line 365.
\FBguillsp=\toks18
\FBguill@level=\count90
\FB@everypar=\toks19
\FB@Mht=\dimen104
\mc@charclass=\count91
\mc@charfam=\count92
\mc@charslot=\count93
\std@mcc=\count94
\dec@mcc=\count95
\listindentFB=\skip43
\descindentFB=\skip44
\labelwidthFB=\skip45
\leftmarginFB=\skip46
\parindentFFN=\dimen105
\FBfnindent=\skip47
))
(/usr/local/texlive/2017/texmf-dist/tex/latex/carlisle/scalefnt.sty)
(/usr/local/texlive/2017/texmf-dist/tex/latex/graphics/keyval.sty
Package: keyval 2014/10/28 v1.15 key=value parser (DPC)
\KV@toks@=\toks20
)
(/usr/local/texlive/2017/texmf-dist/tex/latex/geometry/geometry.sty
Package: geometry 2010/09/12 v5.6 Page Geometry

(/usr/local/texlive/2017/texmf-dist/tex/generic/oberdiek/ifpdf.sty
Package: ifpdf 2017/03/15 v3.2 Provides the ifpdf switch
)
(/usr/local/texlive/2017/texmf-dist/tex/generic/oberdiek/ifvtex.sty
Package: ifvtex 2016/05/16 v1.6 Detect VTeX and its facilities (HO)
Package ifvtex Info: VTeX not detected.
)
(/usr/local/texlive/2017/texmf-dist/tex/generic/ifxetex/ifxetex.sty
Package: ifxetex 2010/09/12 v0.6 Provides ifxetex conditional
)
\Gm@cnth=\count96
\Gm@cntv=\count97
\c@Gm@tempcnt=\count98
\Gm@bindingoffset=\dimen106
\Gm@wd@mp=\dimen107
\Gm@odd@mp=\dimen108
\Gm@even@mp=\dimen109
\Gm@layoutwidth=\dimen110
\Gm@layoutheight=\dimen111
\Gm@layouthoffset=\dimen112
\Gm@layoutvoffset=\dimen113
\Gm@dimlist=\toks21
)
(/usr/local/texlive/2017/texmf-dist/tex/latex/blindtext/blindtext.sty
Package: blindtext 2012/01/06 V2.0 blindtext-Package

(/usr/local/texlive/2017/texmf-dist/tex/latex/tools/xspace.sty
Package: xspace 2014/10/28 v1.13 Space after command names (DPC,MH)
)
\c@blindtext=\count99
\c@Blindtext=\count100
\c@blind@countparstart=\count101
\blind@countxx=\count102
\blindtext@numBlindtext=\count103
\blind@countyy=\count104
\c@blindlist=\count105
\c@blindlistlevel=\count106
\c@blindlist@level=\count107
\blind@listitem=\count108
\c@blind@listcount=\count109
\c@blind@levelcount=\count110
\blind@mathformula=\count111
\blind@Mathformula=\count112
\c@blind@randomcount=\count113
\c@blind@randommax=\count114
\c@blind@pangramcount=\count115
\c@blind@pangrammax=\count116
)
(/usr/local/texlive/2017/texmf-dist/tex/latex/cite/cite.sty
LaTeX Info: Redefining \cite on input line 302.
LaTeX Info: Redefining \nocite on input line 332.
Package: cite 2015/02/27  v 5.5
)
(/usr/local/texlive/2017/texmf-dist/tex/latex/graphics/graphicx.sty
Package: graphicx 2014/10/28 v1.0g Enhanced LaTeX Graphics (DPC,SPQR)

(/usr/local/texlive/2017/texmf-dist/tex/latex/graphics/graphics.sty
Package: graphics 2017/04/14 v1.1b Standard LaTeX Graphics (DPC,SPQR)

(/usr/local/texlive/2017/texmf-dist/tex/latex/graphics/trig.sty
Package: trig 2016/01/03 v1.10 sin cos tan (DPC)
)
(/usr/local/texlive/2017/texmf-dist/tex/latex/graphics-cfg/graphics.cfg
File: graphics.cfg 2016/06/04 v1.11 sample graphics configuration
)
Package graphics Info: Driver file: pdftex.def on input line 99.

(/usr/local/texlive/2017/texmf-dist/tex/latex/graphics-def/pdftex.def
File: pdftex.def 2017/01/12 v0.06k Graphics/color for pdfTeX

(/usr/local/texlive/2017/texmf-dist/tex/generic/oberdiek/infwarerr.sty
Package: infwarerr 2016/05/16 v1.4 Providing info/warning/error messages (HO)
)
(/usr/local/texlive/2017/texmf-dist/tex/generic/oberdiek/ltxcmds.sty
Package: ltxcmds 2016/05/16 v1.23 LaTeX kernel commands for general use (HO)
)
\Gread@gobject=\count117
))
\Gin@req@height=\dimen114
\Gin@req@width=\dimen115
)
(/usr/local/texlive/2017/texmf-dist/tex/latex/url/url.sty
\Urlmuskip=\muskip10
Package: url 2013/09/16  ver 3.4  Verb mode for urls, etc.
)
(/usr/local/texlive/2017/texmf-dist/tex/latex/enumitem/enumitem.sty
Package: enumitem 2011/09/28 v3.5.2 Customized lists
\labelindent=\skip48
\enit@outerparindent=\dimen116
\enit@toks=\toks22
\enit@inbox=\box26
\enitdp@description=\count118
)
(/usr/local/texlive/2017/texmf-dist/tex/latex/float/float.sty
Package: float 2001/11/08 v1.3d Float enhancements (AL)
\c@float@type=\count119
\float@exts=\toks23
\float@box=\box27
\@float@everytoks=\toks24
\@floatcapt=\box28
)
(./kilobot_tracking_Arberet_Moreno.aux)
\openout1 = `kilobot_tracking_Arberet_Moreno.aux'.

LaTeX Font Info:    Checking defaults for OML/cmm/m/it on input line 18.
LaTeX Font Info:    ... okay on input line 18.
LaTeX Font Info:    Checking defaults for T1/cmr/m/n on input line 18.
LaTeX Font Info:    ... okay on input line 18.
LaTeX Font Info:    Checking defaults for OT1/cmr/m/n on input line 18.
LaTeX Font Info:    ... okay on input line 18.
LaTeX Font Info:    Checking defaults for OMS/cmsy/m/n on input line 18.
LaTeX Font Info:    ... okay on input line 18.
LaTeX Font Info:    Checking defaults for OMX/cmex/m/n on input line 18.
LaTeX Font Info:    ... okay on input line 18.
LaTeX Font Info:    Checking defaults for U/cmr/m/n on input line 18.
LaTeX Font Info:    ... okay on input line 18.
LaTeX Info: Redefining \degres on input line 18.
LaTeX Info: Redefining \dots on input line 18.
LaTeX Info: Redefining \up on input line 18.

*geometry* driver: auto-detecting
*geometry* detected driver: pdftex
*geometry* verbose mode - [ preamble ] result:
* driver: pdftex
* paper: <default>
* layout: <same size as paper>
* layoutoffset:(h,v)=(0.0pt,0.0pt)
* modes: 
* h-part:(L,W,R)=(85.35826pt, 443.57848pt, 85.35826pt)
* v-part:(T,H,B)=(56.9055pt, 681.15898pt, 56.9055pt)
* \paperwidth=614.295pt
* \paperheight=794.96999pt
* \textwidth=443.57848pt
* \textheight=681.15898pt
* \oddsidemargin=13.08827pt
* \evensidemargin=13.08827pt
* \topmargin=-52.36449pt
* \headheight=12.0pt
* \headsep=25.0pt
* \topskip=10.0pt
* \footskip=30.0pt
* \marginparwidth=65.0pt
* \marginparsep=11.0pt
* \columnsep=10.0pt
* \skip\footins=9.0pt plus 4.0pt minus 2.0pt
* \hoffset=0.0pt
* \voffset=0.0pt
* \mag=1000
* \@twocolumnfalse
* \@twosidefalse
* \@mparswitchfalse
* \@reversemarginfalse
* (1in=72.27pt=25.4mm, 1cm=28.453pt)

(/usr/local/texlive/2017/texmf-dist/tex/context/base/mkii/supp-pdf.mkii
[Loading MPS to PDF converter (version 2006.09.02).]
\scratchcounter=\count120
\scratchdimen=\dimen117
\scratchbox=\box29
\nofMPsegments=\count121
\nofMParguments=\count122
\everyMPshowfont=\toks25
\MPscratchCnt=\count123
\MPscratchDim=\dimen118
\MPnumerator=\count124
\makeMPintoPDFobject=\count125
\everyMPtoPDFconversion=\toks26
) (/usr/local/texlive/2017/texmf-dist/tex/generic/oberdiek/pdftexcmds.sty
Package: pdftexcmds 2017/03/19 v0.25 Utility functions of pdfTeX for LuaTeX (HO
)

(/usr/local/texlive/2017/texmf-dist/tex/generic/oberdiek/ifluatex.sty
Package: ifluatex 2016/05/16 v1.4 Provides the ifluatex switch (HO)
Package ifluatex Info: LuaTeX not detected.
)
Package pdftexcmds Info: LuaTeX not detected.
Package pdftexcmds Info: \pdf@primitive is available.
Package pdftexcmds Info: \pdf@ifprimitive is available.
Package pdftexcmds Info: \pdfdraftmode found.
)
(/usr/local/texlive/2017/texmf-dist/tex/latex/oberdiek/epstopdf-base.sty
Package: epstopdf-base 2016/05/15 v2.6 Base part for package epstopdf

(/usr/local/texlive/2017/texmf-dist/tex/latex/oberdiek/grfext.sty
Package: grfext 2016/05/16 v1.2 Manage graphics extensions (HO)

(/usr/local/texlive/2017/texmf-dist/tex/generic/oberdiek/kvdefinekeys.sty
Package: kvdefinekeys 2016/05/16 v1.4 Define keys (HO)
))
(/usr/local/texlive/2017/texmf-dist/tex/latex/oberdiek/kvoptions.sty
Package: kvoptions 2016/05/16 v3.12 Key value format for package options (HO)

(/usr/local/texlive/2017/texmf-dist/tex/generic/oberdiek/kvsetkeys.sty
Package: kvsetkeys 2016/05/16 v1.17 Key value parser (HO)

(/usr/local/texlive/2017/texmf-dist/tex/generic/oberdiek/etexcmds.sty
Package: etexcmds 2016/05/16 v1.6 Avoid name clashes with e-TeX commands (HO)
Package etexcmds Info: Could not find \expanded.
(etexcmds)             That can mean that you are not using pdfTeX 1.50 or
(etexcmds)             that some package has redefined \expanded.
(etexcmds)             In the latter case, load this package earlier.
)))
Package epstopdf-base Info: Redefining graphics rule for `.eps' on input line 4
38.
Package grfext Info: Graphics extension search list:
(grfext)             [.png,.pdf,.jpg,.mps,.jpeg,.jbig2,.jb2,.PNG,.PDF,.JPG,.JPE
G,.JBIG2,.JB2,.eps]
(grfext)             \AppendGraphicsExtensions on input line 456.

(/usr/local/texlive/2017/texmf-dist/tex/latex/latexconfig/epstopdf-sys.cfg
File: epstopdf-sys.cfg 2010/07/13 v1.3 Configuration of (r)epstopdf for TeX Liv
e
))
<Images/SU.png, id=1, 390.9807pt x 157.0668pt>
File: Images/SU.png Graphic file (type png)
 <use Images/SU.png>
Package pdftex.def Info: Images/SU.png used on input line 22.
(pdftex.def)             Requested size: 199.60895pt x 80.18927pt.
 [1

{/usr/local/texlive/2017/texmf-var/fonts/map/pdftex/updmap/pdftex.map} <./Image
s/SU.png>] (./kilobot_tracking_Arberet_Moreno.toc
LaTeX Font Info:    External font `cmex10' loaded for size
(Font)              <7> on input line 3.
LaTeX Font Info:    External font `cmex10' loaded for size
(Font)              <5> on input line 3.
)
\tf@toc=\write3
\openout3 = `kilobot_tracking_Arberet_Moreno.toc'.

 [1

]
Chapitre 1.

Underfull \hbox (badness 10000) in paragraph at lines 47--53

 []


Underfull \hbox (badness 10000) in paragraph at lines 56--62

 []

<Images/kilobot.jpg, id=20, 4047.12pt x 3035.34pt>
File: Images/kilobot.jpg Graphic file (type jpg)
 <use Images/kilobot.jpg>
Package pdftex.def Info: Images/kilobot.jpg used on input line 65.
(pdftex.def)             Requested size: 283.32735pt x 212.49551pt.

[2

]
Underfull \hbox (badness 10000) in paragraph at lines 73--74

 []

[3 <./Images/kilobot.jpg>]
Chapitre 2.

Underfull \hbox (badness 10000) in paragraph at lines 78--80

 []


Underfull \hbox (badness 10000) in paragraph at lines 83--88

 []

LaTeX Font Info:    Try loading font information for OMS+cmr on input line 89.
(/usr/local/texlive/2017/texmf-dist/tex/latex/base/omscmr.fd
File: omscmr.fd 2014/09/29 v2.5h Standard LaTeX font definitions
)
LaTeX Font Info:    Font shape `OMS/cmr/m/n' in size <10> not available
(Font)              Font shape `OMS/cmsy/m/n' tried instead on input line 89.

Underfull \hbox (badness 10000) in paragraph at lines 89--90

 []


Underfull \hbox (badness 10000) in paragraph at lines 90--91

 []

[4

]
Underfull \hbox (badness 10000) in paragraph at lines 94--95

 []


Underfull \hbox (badness 10000) in paragraph at lines 117--118

 []


Underfull \hbox (badness 10000) in paragraph at lines 119--120

 []

[5]
Underfull \hbox (badness 10000) in paragraph at lines 121--129

 []

[6]
Chapitre 3.
<Images/areneL.png, id=40, 1617.79407pt x 1266.98344pt>
File: Images/areneL.png Graphic file (type png)

<use Images/areneL.png>
Package pdftex.def Info: Images/areneL.png used on input line 143.
(pdftex.def)             Requested size: 242.65863pt x 190.0393pt.

<Images/arenelarg.png, id=41, 1293.33188pt x 1266.98344pt>
File: Images/arenelarg.png Graphic file (type png)

<use Images/arenelarg.png>
Package pdftex.def Info: Images/arenelarg.png used on input line 144.
(pdftex.def)             Requested size: 193.99141pt x 190.0393pt.
 [7

 <./Images/areneL.png> <./Images/arenelarg.png>]
Underfull \hbox (badness 10000) in paragraph at lines 154--157

 []


Underfull \hbox (badness 10000) in paragraph at lines 162--163

 []


Underfull \hbox (badness 10000) in paragraph at lines 166--167

 []


Underfull \hbox (badness 10000) in paragraph at lines 170--172

 []

<Images/DependenceARKDocker2.png, id=45, 325.215pt x 395.4775pt>
File: Images/DependenceARKDocker2.png Graphic file (type png)

<use Images/DependenceARKDocker2.png>
Package pdftex.def Info: Images/DependenceARKDocker2.png used on input line 175
.
(pdftex.def)             Requested size: 130.0837pt x 158.18819pt.

Underfull \hbox (badness 10000) in paragraph at lines 182--184

 []

[8 <./Images/DependenceARKDocker2.png>]
Underfull \hbox (badness 10000) in paragraph at lines 188--191

 []


Underfull \hbox (badness 10000) in paragraph at lines 192--193

 []


Underfull \hbox (badness 10000) in paragraph at lines 196--197

 []


Underfull \hbox (badness 10000) in paragraph at lines 198--199

 []


Underfull \hbox (badness 10000) in paragraph at lines 200--201

 []

<Images/DependenceARKDocker.png, id=51, 445.665pt x 606.265pt>
File: Images/DependenceARKDocker.png Graphic file (type png)

<use Images/DependenceARKDocker.png>
Package pdftex.def Info: Images/DependenceARKDocker.png used on input line 204.

(pdftex.def)             Requested size: 178.26283pt x 242.5017pt.
 [9]
Underfull \hbox (badness 10000) in paragraph at lines 213--215

 []


Underfull \hbox (badness 10000) in paragraph at lines 216--217

 []


Underfull \hbox (badness 10000) in paragraph at lines 220--221

 []


Underfull \hbox (badness 10000) in paragraph at lines 226--227

 []

[10 <./Images/DependenceARKDocker.png>]
Underfull \hbox (badness 10000) in paragraph at lines 228--230

 []

<Images/capt.jpg, id=59, 602.25pt x 602.25pt>
File: Images/capt.jpg Graphic file (type jpg)
 <use Images/capt.jpg>
Package pdftex.def Info: Images/capt.jpg used on input line 234.
(pdftex.def)             Requested size: 240.89572pt x 240.89572pt.

Underfull \hbox (badness 10000) in paragraph at lines 242--245

 []


Underfull \hbox (badness 10000) in paragraph at lines 247--249

 []

<Images/OLsmall.png, id=60, 666.23906pt x 837.1275pt>
File: Images/OLsmall.png Graphic file (type png)
 <use Images/OLsmall.png>
Package pdftex.def Info: Images/OLsmall.png used on input line 252.
(pdftex.def)             Requested size: 181.14752pt x 227.62204pt.

<Images/calolsmall.png, id=61, 451.6875pt x 451.6875pt>
File: Images/calolsmall.png Graphic file (type png)

<use Images/calolsmall.png>
Package pdftex.def Info: Images/calolsmall.png used on input line 253.
(pdftex.def)             Requested size: 227.62827pt x 227.62204pt.
 [11 <./Images/capt.jpg>]
Underfull \hbox (badness 10000) in paragraph at lines 260--262

 []

<Images/OLbig.png, id=65, 666.23906pt x 837.1275pt>
File: Images/OLbig.png Graphic file (type png)
 <use Images/OLbig.png>
Package pdftex.def Info: Images/OLbig.png used on input line 265.
(pdftex.def)             Requested size: 124.54337pt x 156.49014pt.

<Images/calolbig.png, id=66, 451.6875pt x 451.6875pt>
File: Images/calolbig.png Graphic file (type png)

<use Images/calolbig.png>
Package pdftex.def Info: Images/calolbig.png used on input line 266.
(pdftex.def)             Requested size: 156.494pt x 156.49014pt.
 <Images/fusion.png, id=67, 451.6875pt x 451.6875pt>
File: Images/fusion.png Graphic file (type png)

<use Images/fusion.png>
Package pdftex.def Info: Images/fusion.png used on input line 267.
(pdftex.def)             Requested size: 156.494pt x 156.49014pt.

Underfull \hbox (badness 10000) in paragraph at lines 273--274

 []

<Images/detect.png, id=68, 451.6875pt x 451.6875pt>
File: Images/detect.png Graphic file (type png)
 <use Images/detect.png>
Package pdftex.def Info: Images/detect.png used on input line 277.
(pdftex.def)             Requested size: 180.67178pt x 180.67178pt.

[12 <./Images/OLsmall.png> <./Images/calolsmall.png> <./Images/OLbig.png> <./Im
ages/calolbig.png> <./Images/fusion.png>]
Underfull \hbox (badness 10000) in paragraph at lines 289--294

 []

[13 <./Images/detect.png>]
Chapitre 4.

Underfull \hbox (badness 10000) in paragraph at lines 302--303

 []

<Images/simucam2.png, id=76, 1086.30844pt x 469.755pt>
File: Images/simucam2.png Graphic file (type png)

<use Images/simucam2.png>
Package pdftex.def Info: Images/simucam2.png used on input line 309.
(pdftex.def)             Requested size: 325.89505pt x 140.92758pt.

<Images/simucam1.png, id=77, 1086.30844pt x 469.755pt>
File: Images/simucam1.png Graphic file (type png)

<use Images/simucam1.png>
Package pdftex.def Info: Images/simucam1.png used on input line 320.
(pdftex.def)             Requested size: 325.89505pt x 140.92758pt.
 [14

 <./Images/simucam2.png>]
Underfull \hbox (badness 10000) in paragraph at lines 328--331

 []

[15 <./Images/simucam1.png>]
Chapitre 5.

Underfull \hbox (badness 10000) in paragraph at lines 334--337

 []

(./kilobot_tracking_Arberet_Moreno.bbl [16

]
LaTeX Font Info:    Try loading font information for T1+cmtt on input line 11.

(/usr/local/texlive/2017/texmf-dist/tex/latex/base/t1cmtt.fd
File: t1cmtt.fd 2014/09/29 v2.5h Standard LaTeX font definitions
)
Underfull \hbox (badness 10000) in paragraph at lines 21--26
[]\T1/cmr/m/n/10 Logitech.  c920 spe-ci-fi-ca-tions.  $\T1/cmtt/m/n/10 https : 
/ / support . logitech . com / en _ us / product /
 []

) [17

] (./kilobot_tracking_Arberet_Moreno.aux) ) 
Here is how much of TeX's memory you used:
 4209 strings out of 492995
 61657 string characters out of 6132705
 144843 words of memory out of 5000000
 7677 multiletter control sequences out of 15000+600000
 15751 words of font info for 31 fonts, out of 8000000 for 9000
 1141 hyphenation exceptions out of 8191
 39i,6n,30p,686b,423s stack positions out of 5000i,500n,10000p,200000b,80000s
{/usr/local/texlive/2017/texmf-dist/
fonts/enc/dvips/cm-super/cm-super-t1.enc}</usr/local/texlive/2017/texmf-dist/fo
nts/type1/public/amsfonts/cm/cmsy10.pfb></usr/local/texlive/2017/texmf-dist/fon
ts/type1/public/amsfonts/cm/cmsy7.pfb></usr/local/texlive/2017/texmf-dist/fonts
/type1/public/cm-super/sfbx1000.pfb></usr/local/texlive/2017/texmf-dist/fonts/t
ype1/public/cm-super/sfbx1200.pfb></usr/local/texlive/2017/texmf-dist/fonts/typ
e1/public/cm-super/sfbx1440.pfb></usr/local/texlive/2017/texmf-dist/fonts/type1
/public/cm-super/sfbx2074.pfb></usr/local/texlive/2017/texmf-dist/fonts/type1/p
ublic/cm-super/sfbx2488.pfb></usr/local/texlive/2017/texmf-dist/fonts/type1/pub
lic/cm-super/sfcc1000.pfb></usr/local/texlive/2017/texmf-dist/fonts/type1/publi
c/cm-super/sfcc1440.pfb></usr/local/texlive/2017/texmf-dist/fonts/type1/public/
cm-super/sfcc1728.pfb></usr/local/texlive/2017/texmf-dist/fonts/type1/public/cm
-super/sfrm1000.pfb></usr/local/texlive/2017/texmf-dist/fonts/type1/public/cm-s
uper/sfti1000.pfb></usr/local/texlive/2017/texmf-dist/fonts/type1/public/cm-sup
er/sfti1200.pfb></usr/local/texlive/2017/texmf-dist/fonts/type1/public/cm-super
/sfti1440.pfb></usr/local/texlive/2017/texmf-dist/fonts/type1/public/cm-super/s
ftt1000.pfb>
Output written on kilobot_tracking_Arberet_Moreno.pdf (18 pages, 17180078 bytes
).
PDF statistics:
 142 PDF objects out of 1000 (max. 8388607)
 88 compressed objects within 1 object stream
 0 named destinations out of 1000 (max. 500000)
 76 words of extra memory for PDF output out of 10000 (max. 10000000)

